<?xml version="1.0" encoding="UTF-8"?>
<!-- Generated by org.testng.reporters.JUnitReportReporter -->
<testsuite hostname="LAPTOP-L3VN5EAN" failures="0" tests="3" name="com.webapp11.webtest.NewTest" time="37.383" errors="0" timestamp="2021-10-01T19:02:22 IST" skipped="0">
  <testcase classname="com.webapp11.webtest.NewTest" name="test1" time="5.128"/>
  <system-out/>
  <testcase classname="com.webapp11.webtest.NewTest" name="test3" time="14.946"/>
  <system-out/>
  <testcase classname="com.webapp11.webtest.NewTest" name="test2" time="17.309"/>
  <system-out/>
</testsuite> <!-- com.webapp11.webtest.NewTest -->
