<?xml version="1.0" encoding="UTF-8"?>
<!-- Generated by org.testng.reporters.JUnitReportReporter -->
<testsuite hostname="LAPTOP-L3VN5EAN" failures="0" tests="3" name="com.webapp11.webtest.NewTest" time="6.954" errors="0" timestamp="2021-10-02T18:05:19 IST" skipped="0">
  <testcase classname="com.webapp11.webtest.NewTest" name="test2" time="1.813"/>
  <system-out/>
  <testcase classname="com.webapp11.webtest.NewTest" name="test3" time="1.258"/>
  <system-out/>
  <testcase classname="com.webapp11.webtest.NewTest" name="test1" time="3.883"/>
  <system-out/>
</testsuite> <!-- com.webapp11.webtest.NewTest -->
